[debug] [2026-03-08T16:03:26.782Z] ----------------------------------------------------------------------
[debug] [2026-03-08T16:03:26.785Z] Command:       /nix/store/ws50yvm6vzlzf7jzz6n7xh4szddrack1-nodejs-20.19.1/bin/node /nix/store/gm9mcvzb17vv8cla08khrg29vxn3sq4r-firebase-tools-15.1.0/lib/node_modules/firebase-tools/lib/bin/firebase.js deploy --only hosting
[debug] [2026-03-08T16:03:26.785Z] CLI Version:   15.1.0
[debug] [2026-03-08T16:03:26.785Z] Platform:      linux
[debug] [2026-03-08T16:03:26.786Z] Node Version:  v20.19.1
[debug] [2026-03-08T16:03:26.786Z] Time:          Sun Mar 08 2026 16:03:26 GMT+0000 (Coordinated Universal Time)
[debug] [2026-03-08T16:03:26.786Z] ----------------------------------------------------------------------
[debug] 
[debug] [2026-03-08T16:03:30.455Z] No OAuth tokens found
[debug] [2026-03-08T16:03:30.455Z] No OAuth tokens found
[error] Failed to fetch Firebase Project from current Studio Workspace: Unable to refresh auth: not yet authenticated.
[debug] [2026-03-08T16:03:30.461Z] > command requires scopes: ["email","openid","https://www.googleapis.com/auth/cloudplatformprojects.readonly","https://www.googleapis.com/auth/firebase","https://www.googleapis.com/auth/cloud-platform","https://www.googleapis.com/auth/userinfo.email"]
[debug] [2026-03-08T16:03:30.462Z] > authorizing via signed-in user (wnszn5183@gmail.com)
[debug] [2026-03-08T16:03:30.462Z] [iam] checking project product-builder-lecture for permissions ["firebase.projects.get","firebasehosting.sites.update"]
[debug] [2026-03-08T16:03:30.463Z] No OAuth tokens found
[debug] [2026-03-08T16:03:30.463Z] No OAuth tokens found
[debug] [2026-03-08T16:03:30.463Z] > command requires scopes: ["email","openid","https://www.googleapis.com/auth/cloudplatformprojects.readonly","https://www.googleapis.com/auth/firebase","https://www.googleapis.com/auth/cloud-platform","https://www.googleapis.com/auth/userinfo.email"]
[debug] [2026-03-08T16:03:30.464Z] > authorizing via signed-in user (wnszn5183@gmail.com)
[debug] [2026-03-08T16:03:30.465Z] >>> [apiv2][query] POST https://cloudresourcemanager.googleapis.com/v1/projects/product-builder-lecture:testIamPermissions [none]
[debug] [2026-03-08T16:03:30.465Z] >>> [apiv2][(partial)header] POST https://cloudresourcemanager.googleapis.com/v1/projects/product-builder-lecture:testIamPermissions x-goog-quota-user=projects/product-builder-lecture
[debug] [2026-03-08T16:03:30.465Z] >>> [apiv2][body] POST https://cloudresourcemanager.googleapis.com/v1/projects/product-builder-lecture:testIamPermissions {"permissions":["firebase.projects.get","firebasehosting.sites.update"]}
[debug] [2026-03-08T16:03:31.403Z] <<< [apiv2][status] POST https://cloudresourcemanager.googleapis.com/v1/projects/product-builder-lecture:testIamPermissions 200
[debug] [2026-03-08T16:03:31.403Z] <<< [apiv2][body] POST https://cloudresourcemanager.googleapis.com/v1/projects/product-builder-lecture:testIamPermissions {}
[debug] [2026-03-08T16:03:31.404Z] [iam] error while checking permissions, command may fail: Authorization failed. This account is missing the following required permissions on project product-builder-lecture:

  firebase.projects.get
  firebasehosting.sites.update
[debug] [2026-03-08T16:03:31.406Z] No OAuth tokens found
[debug] [2026-03-08T16:03:31.406Z] No OAuth tokens found
[debug] [2026-03-08T16:03:31.407Z] > command requires scopes: ["email","openid","https://www.googleapis.com/auth/cloudplatformprojects.readonly","https://www.googleapis.com/auth/firebase","https://www.googleapis.com/auth/cloud-platform","https://www.googleapis.com/auth/userinfo.email"]
[debug] [2026-03-08T16:03:31.407Z] > authorizing via signed-in user (wnszn5183@gmail.com)
[debug] [2026-03-08T16:03:31.407Z] >>> [apiv2][query] GET https://firebase.googleapis.com/v1beta1/projects/product-builder-lecture [none]
[debug] [2026-03-08T16:03:31.717Z] <<< [apiv2][status] GET https://firebase.googleapis.com/v1beta1/projects/product-builder-lecture 403
[debug] [2026-03-08T16:03:31.717Z] <<< [apiv2][body] GET https://firebase.googleapis.com/v1beta1/projects/product-builder-lecture {"error":{"code":403,"message":"The caller does not have permission","status":"PERMISSION_DENIED"}}
[debug] [2026-03-08T16:03:31.718Z] Request to https://firebase.googleapis.com/v1beta1/projects/product-builder-lecture had HTTP Error: 403, The caller does not have permission
[debug] [2026-03-08T16:03:31.720Z] FirebaseError: Request to https://firebase.googleapis.com/v1beta1/projects/product-builder-lecture had HTTP Error: 403, The caller does not have permission
    at responseToError (/nix/store/gm9mcvzb17vv8cla08khrg29vxn3sq4r-firebase-tools-15.1.0/lib/node_modules/firebase-tools/lib/responseToError.js:53:12)
    at RetryOperation._fn (/nix/store/gm9mcvzb17vv8cla08khrg29vxn3sq4r-firebase-tools-15.1.0/lib/node_modules/firebase-tools/lib/apiv2.js:322:77)
    at process.processTicksAndRejections (node:internal/process/task_queues:95:5)
[error] 
[error] Error: Failed to get Firebase project product-builder-lecture. Please make sure the project exists and your account has permission to access it.
